build/app/outputs/mapping/release/mapping.txt
# compiler: R8
# compiler_version: 1.5.64
# min_api: 16
# pg_map_id: 8e48454
...
com.google.common.base.MoreObjects$ToStringHelper$ValueHolder -> b.a.b.a.a$b$a:
    java.lang.Object value -> b
    java.lang.String name -> a
    com.google.common.base.MoreObjects$ToStringHelper$ValueHolder next -> c
com.google.common.base.Preconditions -> b.a.b.a.b:
    void checkArgument(boolean,java.lang.String,int,int) -> a
    java.lang.Object checkNotNull(java.lang.Object) -> a
    java.lang.Object checkNotNull(java.lang.Object,java.lang.Object) -> a
    void checkState(boolean,java.lang.String,java.lang.Object) -> a
com.google.common.base.Strings -> b.a.b.a.c:
    java.lang.String lenientFormat(java.lang.String,java.lang.Object[]) -> a
    java.lang.String lenientToString(java.lang.Object) -> a
com.google.common.base.Throwables -> b.a.b.a.d:
    java.lang.Object jla -> a
    java.lang.reflect.Method getGetMethod() -> a
    java.lang.reflect.Method getJlaMethod(java.lang.String,java.lang.Class[]) -> a
    void throwIfUnchecked(java.lang.Throwable) -> a
    java.lang.Object getJLA() -> b
    java.lang.reflect.Method getSizeMethod() -> c
com.google.common.util.concurrent.AbstractFuture -> b.a.b.b.a.a:
    com.google.common.util.concurrent.AbstractFuture$Listener listeners -> b
    java.lang.Object NULL -> g
    java.util.logging.Logger log -> e
    java.lang.Object value -> a
    com.google.common.util.concurrent.AbstractFuture$AtomicHelper ATOMIC_HELPER -> f
    boolean GENERATE_CANCELLATION_CAUSES -> d
    com.google.common.util.concurrent.AbstractFuture$Waiter waiters -> c
    java.lang.Object access$400(com.google.common.util.concurrent.AbstractFuture) -> a
    java.lang.Object access$402(com.google.common.util.concurrent.AbstractFuture,java.lang.Object) -> a
    java.lang.Object access$500(com.google.common.util.concurrent.ListenableFuture) -> a
    com.google.common.util.concurrent.AbstractFuture$Waiter access$802(com.google.common.util.concurrent.AbstractFuture,com.google.common.util.concurrent.AbstractFuture$Waiter) -> a
    com.google.common.util.concurrent.AbstractFuture$Listener access$902(com.google.common.util.concurrent.AbstractFuture,com.google.common.util.concurrent.AbstractFuture$Listener) -> a
    void addDoneString(java.lang.StringBuilder) -> a
    void addListener(java.lang.Runnable,java.util.concurrent.Executor) -> a
    java.util.concurrent.CancellationException cancellationExceptionWithCause(java.lang.String,java.lang.Throwable) -> a
    com.google.common.util.concurrent.AbstractFuture$Listener clearListeners(com.google.common.util.concurrent.AbstractFuture$Listener) -> a
com.google.common.util.concurrent.AbstractFuture$1 -> b.a.b.b.a.a$a:
com.google.common.util.concurrent.AbstractFuture$AtomicHelper -> b.a.b.b.a.a$b:
    boolean casListeners(com.google.common.util.concurrent.AbstractFuture,com.google.common.util.concurrent.AbstractFuture$Listener,com.google.common.util.concurrent.AbstractFuture$Listener) -> a
    boolean casValue(com.google.common.util.concurrent.AbstractFuture,java.lang.Object,java.lang.Object) -> a
    boolean casWaiters(com.google.common.util.concurrent.AbstractFuture,com.google.common.util.concurrent.AbstractFuture$Waiter,com.google.common.util.concurrent.AbstractFuture$Waiter) -> a
    void putNext(com.google.common.util.concurrent.AbstractFuture$Waiter,com.google.common.util.concurrent.AbstractFuture$Waiter) -> a
    void putThread(com.google.common.util.concurrent.AbstractFuture$Waiter,java.lang.Thread) -> a
com.google.common.util.concurrent.AbstractFuture$Cancellation -> b.a.b.b.a.a$c:
    java.lang.Throwable cause -> b
    com.google.common.util.concurrent.AbstractFuture$Cancellation CAUSELESS_INTERRUPTED -> c
    com.google.common.util.concurrent.AbstractFuture$Cancellation CAUSELESS_CANCELLED -> d
    boolean wasInterrupted -> a
com.google.common.util.concurrent.AbstractFuture$Failure -> b.a.b.b.a.a$d:
    java.lang.Throwable exception -> a
com.google.common.util.concurrent.AbstractFuture$Failure$1 -> b.a.b.b.a.a$d$a: